<?xml version="1.0" encoding="UTF-8"?>
<beans xmlns="http://www.springframework.org/schema/beans"
       xmlns:xsi="http://www.w3.org/2001/XMLSchema-instance"
       xmlns:context="http://www.springframework.org/schema/context"
       xsi:schemaLocation="http://www.springframework.org/schema/beans
           http://www.springframework.org/schema/beans/spring-beans-3.0.xsd
           http://www.springframework.org/schema/context
           http://www.springframework.org/schema/context/spring-context-3.0.xsd">

  <context:component-scan base-package="hu.sztaki.ilab.longneck" />
  <context:component-scan base-package="hu.sztaki.ilab.longneck.process" />
  <context:component-scan base-package="hu.sztaki.ilab.longneck.process.access" />

  <bean id="dictionary-file-source" class="hu.sztaki.ilab.longneck.process.access.DictionaryFileSource" lazy-init="true" init-method="init" scope="prototype">
    <property name="sourceFile" value="src/test/resources/testdictionaryfilesource.xml"/>
  </bean>

  <bean id="external-dictionary" class="hu.sztaki.ilab.longneck.process.block.ExternalDictionary" lazy-init="true" init-method="init">
    <property name="source" ref="dictionary-file-source"/>
    <property name="keyColumnName" value="key"/>
    <property name="keyTypeColumnName" value="regexp"/>
    <property name="valueColumnName" value="value"/>
  </bean>

  <bean id="regexp-dictionary" class="hu.sztaki.ilab.longneck.process.block.RegexpDictionary" lazy-init="true">
    <property name="dictionary" ref="external-dictionary"/>
  </bean>

  <bean id="wordset-file-source" class="hu.sztaki.ilab.longneck.process.access.WordsetFileSource" lazy-init="true" init-method="init" scope="prototype">
    <property name="sourceFile" value="src/test/resources/testwordfilesource.txt"/>
  </bean>

  <bean id="external-wordset" class="hu.sztaki.ilab.longneck.process.constraint.ExternalWordset" lazy-init="true" init-method="init">
    <property name="source" ref="wordset-file-source"/>
    <property name="columnName" value="word"/>
  </bean>

</beans>
